Running alternatives generator for category: abs
File path: /Users/ulrikhaland/Documents/musco-new/scripts/output/abs.ts
Processing category file: /Users/ulrikhaland/Documents/musco-new/scripts/output/abs.ts
File loaded, size: 254718 bytes
Found variable name: absExercises
Extracting exercises data...
Found 118 exercise IDs in the file
Processing exercise: abs-1
Extracted 1918 characters for exercise abs-1
Successfully parsed exercise abs-1
Processing exercise: abs-2
Extracted 2531 characters for exercise abs-2
Successfully parsed exercise abs-2
Processing exercise: abs-3
Extracted 1982 characters for exercise abs-3
Successfully parsed exercise abs-3
Processing exercise: abs-4
Extracted 1980 characters for exercise abs-4
Successfully parsed exercise abs-4
Processing exercise: abs-5
Extracted 3813 characters for exercise abs-5
Error parsing exercise abs-5: Expected ',' or ']' after array element in JSON at position 2231
Wrote problematic JSON for abs-5 to /Users/ulrikhaland/Documents/musco-new/scripts/output/abs.ts.abs-5.json for debugging
Processing exercise: abs-6
Extracted 1935 characters for exercise abs-6
Successfully parsed exercise abs-6
Processing exercise: abs-7
Extracted 1855 characters for exercise abs-7
Successfully parsed exercise abs-7
Processing exercise: abs-8
Extracted 1961 characters for exercise abs-8
Successfully parsed exercise abs-8
Processing exercise: abs-9
Extracted 2393 characters for exercise abs-9
Successfully parsed exercise abs-9
Processing exercise: abs-10
Extracted 2497 characters for exercise abs-10
Successfully parsed exercise abs-10
Processing exercise: abs-11
Extracted 2078 characters for exercise abs-11
Successfully parsed exercise abs-11
Processing exercise: abs-12
Extracted 1794 characters for exercise abs-12
Successfully parsed exercise abs-12
Processing exercise: abs-13
Extracted 1797 characters for exercise abs-13
Successfully parsed exercise abs-13
Processing exercise: abs-14
Extracted 2086 characters for exercise abs-14
Successfully parsed exercise abs-14
Processing exercise: abs-15
Extracted 2022 characters for exercise abs-15
Successfully parsed exercise abs-15
Processing exercise: abs-16
Extracted 1727 characters for exercise abs-16
Successfully parsed exercise abs-16
Processing exercise: abs-17
Extracted 2003 characters for exercise abs-17
Successfully parsed exercise abs-17
Processing exercise: abs-18
Extracted 2150 characters for exercise abs-18
Successfully parsed exercise abs-18
Processing exercise: abs-19
Extracted 1993 characters for exercise abs-19
Successfully parsed exercise abs-19
Processing exercise: abs-20
Extracted 2385 characters for exercise abs-20
Successfully parsed exercise abs-20
Processing exercise: abs-21
Extracted 2098 characters for exercise abs-21
Successfully parsed exercise abs-21
Processing exercise: abs-22
Extracted 1501 characters for exercise abs-22
Successfully parsed exercise abs-22
Processing exercise: abs-23
Extracted 2391 characters for exercise abs-23
Successfully parsed exercise abs-23
Processing exercise: abs-24
Extracted 2588 characters for exercise abs-24
Successfully parsed exercise abs-24
Processing exercise: abs-25
Extracted 1770 characters for exercise abs-25
Successfully parsed exercise abs-25
Processing exercise: abs-26
Extracted 2461 characters for exercise abs-26
Successfully parsed exercise abs-26
Processing exercise: abs-27
Extracted 2707 characters for exercise abs-27
Successfully parsed exercise abs-27
Processing exercise: abs-28
Extracted 1949 characters for exercise abs-28
Successfully parsed exercise abs-28
Processing exercise: abs-29
Extracted 2255 characters for exercise abs-29
Successfully parsed exercise abs-29
Processing exercise: abs-30
Extracted 1966 characters for exercise abs-30
Successfully parsed exercise abs-30
Processing exercise: abs-31
Extracted 2313 characters for exercise abs-31
Successfully parsed exercise abs-31
Processing exercise: abs-32
Extracted 1722 characters for exercise abs-32
Successfully parsed exercise abs-32
Processing exercise: abs-33
Extracted 1762 characters for exercise abs-33
Successfully parsed exercise abs-33
Processing exercise: abs-34
Extracted 1897 characters for exercise abs-34
Successfully parsed exercise abs-34
Processing exercise: abs-35
Extracted 2703 characters for exercise abs-35
Successfully parsed exercise abs-35
Processing exercise: abs-36
Extracted 2164 characters for exercise abs-36
Successfully parsed exercise abs-36
Processing exercise: abs-37
Extracted 2372 characters for exercise abs-37
Successfully parsed exercise abs-37
Processing exercise: abs-38
Extracted 1693 characters for exercise abs-38
Successfully parsed exercise abs-38
Processing exercise: abs-39
Extracted 2593 characters for exercise abs-39
Successfully parsed exercise abs-39
Processing exercise: abs-40
Extracted 1889 characters for exercise abs-40
Successfully parsed exercise abs-40
Processing exercise: abs-41
Extracted 1647 characters for exercise abs-41
Successfully parsed exercise abs-41
Processing exercise: abs-42
Extracted 2187 characters for exercise abs-42
Successfully parsed exercise abs-42
Processing exercise: abs-43
Extracted 1618 characters for exercise abs-43
Successfully parsed exercise abs-43
Processing exercise: abs-44
Extracted 2096 characters for exercise abs-44
Successfully parsed exercise abs-44
Processing exercise: abs-45
Extracted 1622 characters for exercise abs-45
Successfully parsed exercise abs-45
Processing exercise: abs-46
Extracted 1839 characters for exercise abs-46
Successfully parsed exercise abs-46
Processing exercise: abs-47
Extracted 2311 characters for exercise abs-47
Successfully parsed exercise abs-47
Processing exercise: abs-48
Extracted 3168 characters for exercise abs-48
Successfully parsed exercise abs-48
Processing exercise: abs-49
Extracted 2416 characters for exercise abs-49
Successfully parsed exercise abs-49
Processing exercise: abs-50
Extracted 1722 characters for exercise abs-50
Successfully parsed exercise abs-50
Processing exercise: abs-51
Extracted 1604 characters for exercise abs-51
Successfully parsed exercise abs-51
Processing exercise: abs-52
Extracted 3414 characters for exercise abs-52
Successfully parsed exercise abs-52
Processing exercise: abs-53
Extracted 2173 characters for exercise abs-53
Successfully parsed exercise abs-53
Processing exercise: abs-54
Extracted 2269 characters for exercise abs-54
Successfully parsed exercise abs-54
Processing exercise: abs-55
Extracted 2559 characters for exercise abs-55
Successfully parsed exercise abs-55
Processing exercise: abs-56
Extracted 2973 characters for exercise abs-56
Successfully parsed exercise abs-56
Processing exercise: abs-57
Extracted 2152 characters for exercise abs-57
Successfully parsed exercise abs-57
Processing exercise: abs-58
Extracted 2159 characters for exercise abs-58
Successfully parsed exercise abs-58
Processing exercise: abs-59
Extracted 2541 characters for exercise abs-59
Successfully parsed exercise abs-59
Processing exercise: abs-60
Extracted 2222 characters for exercise abs-60
Successfully parsed exercise abs-60
Processing exercise: abs-61
Extracted 1770 characters for exercise abs-61
Successfully parsed exercise abs-61
Processing exercise: abs-62
Extracted 1960 characters for exercise abs-62
Successfully parsed exercise abs-62
Processing exercise: abs-63
Extracted 1759 characters for exercise abs-63
Successfully parsed exercise abs-63
Processing exercise: abs-64
Extracted 2663 characters for exercise abs-64
Successfully parsed exercise abs-64
Processing exercise: abs-65
Extracted 1848 characters for exercise abs-65
Successfully parsed exercise abs-65
Processing exercise: abs-66
Extracted 2170 characters for exercise abs-66
Successfully parsed exercise abs-66
Processing exercise: abs-67
Extracted 2103 characters for exercise abs-67
Successfully parsed exercise abs-67
Processing exercise: abs-68
Extracted 2002 characters for exercise abs-68
Successfully parsed exercise abs-68
Processing exercise: abs-69
Extracted 2426 characters for exercise abs-69
Successfully parsed exercise abs-69
Processing exercise: abs-70
Extracted 2055 characters for exercise abs-70
Successfully parsed exercise abs-70
Processing exercise: abs-71
Extracted 2165 characters for exercise abs-71
Successfully parsed exercise abs-71
Processing exercise: abs-72
Extracted 1486 characters for exercise abs-72
Successfully parsed exercise abs-72
Processing exercise: abs-73
Extracted 1956 characters for exercise abs-73
Successfully parsed exercise abs-73
Processing exercise: abs-74
Extracted 2360 characters for exercise abs-74
Successfully parsed exercise abs-74
Processing exercise: abs-75
Extracted 1890 characters for exercise abs-75
Successfully parsed exercise abs-75
Processing exercise: abs-76
Extracted 2813 characters for exercise abs-76
Successfully parsed exercise abs-76
Processing exercise: abs-77
Extracted 1738 characters for exercise abs-77
Successfully parsed exercise abs-77
Processing exercise: abs-78
Extracted 2331 characters for exercise abs-78
Successfully parsed exercise abs-78
Processing exercise: abs-79
Extracted 2301 characters for exercise abs-79
Successfully parsed exercise abs-79
Processing exercise: abs-80
Extracted 1672 characters for exercise abs-80
Successfully parsed exercise abs-80
Processing exercise: abs-81
Extracted 2045 characters for exercise abs-81
Successfully parsed exercise abs-81
Processing exercise: abs-82
Extracted 2000 characters for exercise abs-82
Successfully parsed exercise abs-82
Processing exercise: abs-83
Extracted 1769 characters for exercise abs-83
Successfully parsed exercise abs-83
Processing exercise: abs-84
Extracted 2294 characters for exercise abs-84
Successfully parsed exercise abs-84
Processing exercise: abs-85
Extracted 2780 characters for exercise abs-85
Successfully parsed exercise abs-85
Processing exercise: abs-86
Extracted 2206 characters for exercise abs-86
Successfully parsed exercise abs-86
Processing exercise: abs-87
Extracted 1629 characters for exercise abs-87
Successfully parsed exercise abs-87
Processing exercise: abs-88
Extracted 2600 characters for exercise abs-88
Successfully parsed exercise abs-88
Processing exercise: abs-89
Extracted 2664 characters for exercise abs-89
Successfully parsed exercise abs-89
Processing exercise: abs-90
Extracted 1613 characters for exercise abs-90
Successfully parsed exercise abs-90
Processing exercise: abs-91
Extracted 2557 characters for exercise abs-91
Successfully parsed exercise abs-91
Processing exercise: abs-92
Extracted 1765 characters for exercise abs-92
Successfully parsed exercise abs-92
Processing exercise: abs-93
Extracted 1839 characters for exercise abs-93
Successfully parsed exercise abs-93
Processing exercise: abs-94
Extracted 1929 characters for exercise abs-94
Successfully parsed exercise abs-94
Processing exercise: abs-95
Extracted 2685 characters for exercise abs-95
Successfully parsed exercise abs-95
Processing exercise: abs-96
Extracted 1682 characters for exercise abs-96
Successfully parsed exercise abs-96
Processing exercise: abs-97
Extracted 2545 characters for exercise abs-97
Successfully parsed exercise abs-97
Processing exercise: abs-98
Extracted 1650 characters for exercise abs-98
Successfully parsed exercise abs-98
Processing exercise: abs-99
Extracted 1954 characters for exercise abs-99
Successfully parsed exercise abs-99
Processing exercise: abs-100
Extracted 2475 characters for exercise abs-100
Successfully parsed exercise abs-100
Processing exercise: abs-101
Extracted 2525 characters for exercise abs-101
Successfully parsed exercise abs-101
Processing exercise: abs-102
Extracted 1775 characters for exercise abs-102
Successfully parsed exercise abs-102
Processing exercise: abs-103
Extracted 2104 characters for exercise abs-103
Successfully parsed exercise abs-103
Processing exercise: abs-104
Extracted 1893 characters for exercise abs-104
Successfully parsed exercise abs-104
Processing exercise: abs-105
Extracted 3575 characters for exercise abs-105
Successfully parsed exercise abs-105
Processing exercise: abs-106
Extracted 1559 characters for exercise abs-106
Successfully parsed exercise abs-106
Processing exercise: abs-107
Extracted 1386 characters for exercise abs-107
Successfully parsed exercise abs-107
Processing exercise: abs-108
Extracted 1950 characters for exercise abs-108
Successfully parsed exercise abs-108
Processing exercise: abs-109
Extracted 2834 characters for exercise abs-109
Successfully parsed exercise abs-109
Processing exercise: abs-110
Extracted 1817 characters for exercise abs-110
Successfully parsed exercise abs-110
Processing exercise: abs-111
Extracted 2395 characters for exercise abs-111
Successfully parsed exercise abs-111
Processing exercise: abs-112
Extracted 1752 characters for exercise abs-112
Successfully parsed exercise abs-112
Processing exercise: abs-113
Extracted 3303 characters for exercise abs-113
Successfully parsed exercise abs-113
Processing exercise: abs-114
Extracted 2709 characters for exercise abs-114
Successfully parsed exercise abs-114
Processing exercise: abs-115
Extracted 2178 characters for exercise abs-115
Successfully parsed exercise abs-115
Processing exercise: abs-116
Extracted 1809 characters for exercise abs-116
Successfully parsed exercise abs-116
Processing exercise: abs-117
Extracted 1606 characters for exercise abs-117
Successfully parsed exercise abs-117
Processing exercise: abs-118
Extracted 1974 characters for exercise abs-118
Successfully parsed exercise abs-118
Successfully parsed 117 out of 118 exercises
Body part: Abs
Added 5 alternatives for Lying Floor Leg Raise
Added 5 alternatives for Cable Crunch
Added 5 alternatives for Weighted Crunch
Added 5 alternatives for Dumbbell Side Bends
Added 5 alternatives for Hanging Leg Raise
Added 5 alternatives for Barbell Abdominal Rollouts
Added 5 alternatives for Sit Up
Added 5 alternatives for Decline Bench Sit Up
Added 5 alternatives for Ab Crunch
Added 5 alternatives for Side Plank
Added 5 alternatives for Exercise Ball Crunch
Added 5 alternatives for Russian Twist
Added 5 alternatives for Abdominal Air Bike (AKA Bicycle)
Added 5 alternatives for Hanging Knee Raise With Twist
Added 5 alternatives for Floor Crunch (legs on bench)
Added 5 alternatives for Hanging Knee Raise
Added 5 alternatives for Rotating Mountain Climber
Added 5 alternatives for Lying Floor Knee Tuck
Added 5 alternatives for Dead Bug
Added 5 alternatives for Lying Leg Raise With Hip Thrust
Added 5 alternatives for Standing Stomach Vacuum
Added 5 alternatives for Pallof Press
Added 5 alternatives for Roman Chair Leg Raise
Added 5 alternatives for Seated Barbell Twist
Added 5 alternatives for Alternate Straight Leg Lower
Added 5 alternatives for Pallof Press with Rotation
Added 5 alternatives for Abominal Hip Thrust
Added 5 alternatives for Plank to Hip Raise
Added 5 alternatives for Lying Leg Raise (On Bench)
Added 5 alternatives for Kettlebell Dead Bug
Added 5 alternatives for Decline Bench Abdominal Reach
Added 5 alternatives for Lying Alternate Heel Touches
Added 5 alternatives for Frog Sit Up
Added 5 alternatives for Ipsilateral Bird Dog
Added 5 alternatives for Rotating Crunch (Legs On Bench)
Added 5 alternatives for Wide Stance Cable Anti-Rotation
Added 5 alternatives for Seated Knee Tucks
Added 5 alternatives for Contralateral Bird Dog
Added 5 alternatives for Straight Leg Toe Touch (Floor Toe Reach)
Added 5 alternatives for Decline Weighted Twist
Added 5 alternatives for Stir the Pot on Exercise Ball
Added 5 alternatives for Jackknife (On Bench)
Added 5 alternatives for Standing Cable Crunch
Added 5 alternatives for Reach And Catch
Added 5 alternatives for Decline Bench Leg Raise
Added 5 alternatives for Half Kneeling Pallof Press
Added 5 alternatives for Turkish Get Up to Knee
Added 5 alternatives for Weighted Hanging Knee Raise
Added 5 alternatives for Feet Elevated Plank
Added 5 alternatives for Lying Alternate Floor Leg Raise
Added 5 alternatives for Turkish Get Up
Added 5 alternatives for Barbell Climbs
Added 5 alternatives for Dragon Flag
Added 5 alternatives for Valslide Body Saw
Added 5 alternatives for Hollow Body Hold
Added 5 alternatives for 3 Month Position Kettlebell Pullover
Added 5 alternatives for Twisting Decline Dumbbell Situps
Added 5 alternatives for Split Stance Pallof Press
Added 5 alternatives for Wall Press 90/90 Extension
Added 5 alternatives for Weighted Russian Twist
Added 5 alternatives for Barbell Side Bends
Added 5 alternatives for Side Crunch With Leg Lift
Added 5 alternatives for Medicine Ball Dead Bug
Added 5 alternatives for Oblique Cable Crunch
Added 5 alternatives for Shoulder Taps
Added 5 alternatives for Banded Alphabet
Added 5 alternatives for Twisting Cable Crunch
Added 5 alternatives for Standing Push-Pull
Added 5 alternatives for Lying Cable Crunch
Added 5 alternatives for Kettlebell Windmill
Added 5 alternatives for Exercise Ball Plank
Added 5 alternatives for Decline Bench Cable Crunch
Added 5 alternatives for Straight Leg Dead Bug
Added 5 alternatives for Roman Chair Knee Raise
Added 5 alternatives for Bird Dog with Band RNT
Added 5 alternatives for Alternating Reach And Catch
Added 5 alternatives for Lying Pallof Press
Added 5 alternatives for Wall Press Heel Tap
Added 5 alternatives for Decline Bench Alternating Knee Raise
Added 5 alternatives for Lying Knee Tuck to Heel Raise
Added 5 alternatives for Roman Chair Weighted Knee Raise
Added 5 alternatives for Twisting Floor Crunch
Added 5 alternatives for Wall Press Straight Leg Extension
Added 5 alternatives for Dead Bug with Plates
Added 5 alternatives for Medicine Ball Rollouts
Added 5 alternatives for Lying Alternating Knee Raise
Added 5 alternatives for Seated Cable Crunch
Added 5 alternatives for Exercise Ball Dead Bug
Added 5 alternatives for Exercise Ball Hip Roll
Added 5 alternatives for Half Kneeling Push-Pull
Added 5 alternatives for Decline Bench Knee Raise
Added 5 alternatives for Hands Overhead Ab Crunch
Added 5 alternatives for Twisting Lying Cable Crunch
Added 5 alternatives for Tall Kneeling Push-Pull
Added 5 alternatives for Decline Bench Alternating Leg Raise
Added 5 alternatives for Lower Body Band Resistance Dead Bug
Added 5 alternatives for Exercise Ball Knee Tuck
Added 5 alternatives for Standing Barbell Twist
Added 5 alternatives for Upper Body Band Resistance Dead Bug
Added 5 alternatives for Reverse Crunch to Dead Bug
Added 5 alternatives for Decline Bench Sit Up With Twist
Added 5 alternatives for Weighted Straight Leg Toe Touch
Added 5 alternatives for Seated Barbell Twist (On Floor)
Added 5 alternatives for Bottoms Up Kettlebell Turkish Get Up
Added 5 alternatives for Lower Abdominal Hip Roll
Added 5 alternatives for Exercise Ball Weighted Sit up
Added 5 alternatives for Lying Cable Knee Raise
Added 5 alternatives for Bottoms Up Kettlebell Turkish Get Up to Hand
Added 5 alternatives for Decline Leg Raise With Hip Thrust
Added 5 alternatives for Half Kneeling Adductor Pallof Press
Added 5 alternatives for Decline Bench Cable Knee Raise
Added 5 alternatives for Bottoms Up Kettlebell Turkish Get Up to Knee
Added 5 alternatives for Turkish Get Up to Hand
Added 5 alternatives for Kneeling Dumbbell Hold to Stand
Added 5 alternatives for One-Leg Lying Cable Knee Raise
Added 5 alternatives for Abdominal Pendulum
Added 5 alternatives for Roman Chair Twisting Knee Raise
Created backup at /Users/ulrikhaland/Documents/musco-new/scripts/output/abs.ts.bak
Successfully updated /Users/ulrikhaland/Documents/musco-new/scripts/output/abs.ts with alternatives
Alternatives generation complete!
